<?xml version="1.0" encoding="UTF-8"?>
<coverage generated="1644705417839" clover="3.2.0">
  <project timestamp="1644705417839" name="All files">
    <metrics statements="127" coveredstatements="127" conditionals="35" coveredconditionals="35" methods="12" coveredmethods="12" elements="174" coveredelements="174" complexity="0" loc="127" ncloc="127" packages="1" files="1" classes="1"/>
    <file name="abulafia.ts" path="/Users/josh/Projects/abulafia-ts/src/abulafia.ts">
      <metrics statements="127" coveredstatements="127" conditionals="35" coveredconditionals="35" methods="12" coveredmethods="12"/>
      <line num="1" count="1" type="stmt"/>
      <line num="2" count="1" type="cond" truecount="1" falsecount="0"/>
      <line num="3" count="15" type="stmt"/>
      <line num="4" count="15" type="stmt"/>
      <line num="5" count="15" type="stmt"/>
      <line num="6" count="15" type="stmt"/>
      <line num="7" count="15" type="stmt"/>
      <line num="8" count="15" type="stmt"/>
      <line num="9" count="1" type="stmt"/>
      <line num="10" count="1" type="stmt"/>
      <line num="11" count="1" type="stmt"/>
      <line num="12" count="1" type="stmt"/>
      <line num="13" count="1" type="stmt"/>
      <line num="14" count="1" type="cond" truecount="1" falsecount="0"/>
      <line num="15" count="21" type="stmt"/>
      <line num="16" count="21" type="stmt"/>
      <line num="17" count="21" type="stmt"/>
      <line num="18" count="1" type="stmt"/>
      <line num="19" count="1" type="cond" truecount="1" falsecount="0"/>
      <line num="20" count="21" type="stmt"/>
      <line num="21" count="21" type="stmt"/>
      <line num="22" count="1" type="stmt"/>
      <line num="23" count="1" type="cond" truecount="1" falsecount="0"/>
      <line num="24" count="25" type="stmt"/>
      <line num="25" count="25" type="cond" truecount="1" falsecount="0"/>
      <line num="26" count="4" type="stmt"/>
      <line num="27" count="4" type="stmt"/>
      <line num="28" count="25" type="stmt"/>
      <line num="29" count="25" type="stmt"/>
      <line num="30" count="1" type="stmt"/>
      <line num="31" count="1" type="cond" truecount="1" falsecount="0"/>
      <line num="32" count="8" type="stmt"/>
      <line num="33" count="8" type="stmt"/>
      <line num="34" count="8" type="stmt"/>
      <line num="35" count="8" type="stmt"/>
      <line num="36" count="8" type="stmt"/>
      <line num="37" count="8" type="stmt"/>
      <line num="38" count="8" type="stmt"/>
      <line num="39" count="8" type="stmt"/>
      <line num="40" count="8" type="stmt"/>
      <line num="41" count="8" type="stmt"/>
      <line num="42" count="8" type="stmt"/>
      <line num="43" count="8" type="stmt"/>
      <line num="44" count="8" type="stmt"/>
      <line num="45" count="8" type="stmt"/>
      <line num="46" count="8" type="stmt"/>
      <line num="47" count="8" type="stmt"/>
      <line num="48" count="8" type="stmt"/>
      <line num="49" count="1" type="stmt"/>
      <line num="50" count="1" type="cond" truecount="1" falsecount="0"/>
      <line num="51" count="21" type="stmt"/>
      <line num="52" count="21" type="cond" truecount="2" falsecount="0"/>
      <line num="53" count="8" type="stmt"/>
      <line num="54" count="21" type="cond" truecount="1" falsecount="0"/>
      <line num="55" count="13" type="stmt"/>
      <line num="56" count="13" type="stmt"/>
      <line num="57" count="21" type="stmt"/>
      <line num="58" count="1" type="stmt"/>
      <line num="59" count="1" type="cond" truecount="1" falsecount="0"/>
      <line num="60" count="28" type="stmt"/>
      <line num="61" count="28" type="cond" truecount="1" falsecount="0"/>
      <line num="62" count="28" type="stmt"/>
      <line num="63" count="1" type="stmt"/>
      <line num="64" count="1" type="cond" truecount="1" falsecount="0"/>
      <line num="65" count="17" type="stmt"/>
      <line num="66" count="17" type="stmt"/>
      <line num="67" count="17" type="stmt"/>
      <line num="68" count="1" type="stmt"/>
      <line num="69" count="1" type="cond" truecount="1" falsecount="0"/>
      <line num="70" count="17" type="stmt"/>
      <line num="71" count="17" type="cond" truecount="1" falsecount="0"/>
      <line num="72" count="3" type="stmt"/>
      <line num="73" count="3" type="stmt"/>
      <line num="74" count="17" type="stmt"/>
      <line num="75" count="17" type="stmt"/>
      <line num="76" count="1" type="stmt"/>
      <line num="77" count="1" type="cond" truecount="1" falsecount="0"/>
      <line num="78" count="14" type="stmt"/>
      <line num="79" count="14" type="stmt"/>
      <line num="80" count="1" type="stmt"/>
      <line num="81" count="1" type="cond" truecount="1" falsecount="0"/>
      <line num="82" count="14" type="stmt"/>
      <line num="83" count="14" type="cond" truecount="1" falsecount="0"/>
      <line num="84" count="34" type="cond" truecount="1" falsecount="0"/>
      <line num="85" count="21" type="stmt"/>
      <line num="86" count="21" type="stmt"/>
      <line num="87" count="21" type="stmt"/>
      <line num="88" count="21" type="stmt"/>
      <line num="89" count="21" type="cond" truecount="1" falsecount="0"/>
      <line num="90" count="66" type="cond" truecount="1" falsecount="0"/>
      <line num="91" count="46" type="stmt"/>
      <line num="92" count="46" type="stmt"/>
      <line num="93" count="46" type="cond" truecount="1" falsecount="0"/>
      <line num="94" count="69" type="stmt"/>
      <line num="95" count="69" type="stmt"/>
      <line num="96" count="66" type="cond" truecount="1" falsecount="0"/>
      <line num="97" count="20" type="cond" truecount="1" falsecount="0"/>
      <line num="98" count="2" type="stmt"/>
      <line num="99" count="2" type="stmt"/>
      <line num="100" count="20" type="stmt"/>
      <line num="101" count="66" type="stmt"/>
      <line num="102" count="21" type="cond" truecount="1" falsecount="0"/>
      <line num="103" count="19" type="stmt"/>
      <line num="104" count="21" type="cond" truecount="1" falsecount="0"/>
      <line num="105" count="2" type="stmt"/>
      <line num="106" count="2" type="stmt"/>
      <line num="107" count="21" type="stmt"/>
      <line num="108" count="34" type="stmt"/>
      <line num="109" count="13" type="cond" truecount="1" falsecount="0"/>
      <line num="110" count="1" type="stmt"/>
      <line num="111" count="1" type="cond" truecount="1" falsecount="0"/>
      <line num="112" count="14" type="stmt"/>
      <line num="113" count="14" type="cond" truecount="1" falsecount="0"/>
      <line num="114" count="19" type="cond" truecount="1" falsecount="0"/>
      <line num="115" count="69" type="cond" truecount="4" falsecount="0"/>
      <line num="116" count="11" type="cond" truecount="1" falsecount="0"/>
      <line num="117" count="1" type="stmt"/>
      <line num="118" count="1" type="stmt"/>
      <line num="119" count="11" type="stmt"/>
      <line num="120" count="69" type="stmt"/>
      <line num="121" count="19" type="stmt"/>
      <line num="122" count="14" type="stmt"/>
      <line num="123" count="14" type="stmt"/>
      <line num="124" count="1" type="stmt"/>
      <line num="125" count="1" type="stmt"/>
      <line num="126" count="1" type="stmt"/>
      <line num="127" count="1" type="stmt"/>
    </file>
  </project>
</coverage>
