{"/Users/josh/Projects/abulafia-ts/src/abulafia.ts": {"path":"/Users/josh/Projects/abulafia-ts/src/abulafia.ts","all":false,"statementMap":{"0":{"start":{"line":1,"column":0},"end":{"line":1,"column":16}},"1":{"start":{"line":2,"column":0},"end":{"line":2,"column":50}},"2":{"start":{"line":3,"column":0},"end":{"line":3,"column":50}},"3":{"start":{"line":4,"column":0},"end":{"line":4,"column":0}},"4":{"start":{"line":5,"column":0},"end":{"line":5,"column":31}},"5":{"start":{"line":6,"column":0},"end":{"line":6,"column":31}},"6":{"start":{"line":7,"column":0},"end":{"line":7,"column":41}},"7":{"start":{"line":8,"column":0},"end":{"line":8,"column":38}},"8":{"start":{"line":9,"column":0},"end":{"line":9,"column":0}},"9":{"start":{"line":10,"column":0},"end":{"line":10,"column":32}},"10":{"start":{"line":11,"column":0},"end":{"line":11,"column":29}},"11":{"start":{"line":12,"column":0},"end":{"line":12,"column":6}},"12":{"start":{"line":13,"column":0},"end":{"line":13,"column":0}},"13":{"start":{"line":14,"column":0},"end":{"line":14,"column":60}},"14":{"start":{"line":15,"column":0},"end":{"line":15,"column":51}},"15":{"start":{"line":16,"column":0},"end":{"line":16,"column":61}},"16":{"start":{"line":17,"column":0},"end":{"line":17,"column":3}},"17":{"start":{"line":18,"column":0},"end":{"line":18,"column":0}},"18":{"start":{"line":19,"column":0},"end":{"line":19,"column":42}},"19":{"start":{"line":20,"column":0},"end":{"line":20,"column":55}},"20":{"start":{"line":21,"column":0},"end":{"line":21,"column":3}},"21":{"start":{"line":22,"column":0},"end":{"line":22,"column":0}},"22":{"start":{"line":23,"column":0},"end":{"line":23,"column":41}},"23":{"start":{"line":24,"column":0},"end":{"line":24,"column":58}},"24":{"start":{"line":25,"column":0},"end":{"line":25,"column":16}},"25":{"start":{"line":26,"column":0},"end":{"line":26,"column":67}},"26":{"start":{"line":27,"column":0},"end":{"line":27,"column":5}},"27":{"start":{"line":28,"column":0},"end":{"line":28,"column":16}},"28":{"start":{"line":29,"column":0},"end":{"line":29,"column":3}},"29":{"start":{"line":30,"column":0},"end":{"line":30,"column":0}},"30":{"start":{"line":31,"column":0},"end":{"line":31,"column":43}},"31":{"start":{"line":32,"column":0},"end":{"line":32,"column":58}},"32":{"start":{"line":33,"column":0},"end":{"line":33,"column":36}},"33":{"start":{"line":34,"column":0},"end":{"line":34,"column":30}},"34":{"start":{"line":35,"column":0},"end":{"line":35,"column":44}},"35":{"start":{"line":36,"column":0},"end":{"line":36,"column":80}},"36":{"start":{"line":37,"column":0},"end":{"line":37,"column":80}},"37":{"start":{"line":38,"column":0},"end":{"line":38,"column":79}},"38":{"start":{"line":39,"column":0},"end":{"line":39,"column":78}},"39":{"start":{"line":40,"column":0},"end":{"line":40,"column":61}},"40":{"start":{"line":41,"column":0},"end":{"line":41,"column":29}},"41":{"start":{"line":42,"column":0},"end":{"line":42,"column":25}},"42":{"start":{"line":43,"column":0},"end":{"line":43,"column":21}},"43":{"start":{"line":44,"column":0},"end":{"line":44,"column":81}},"44":{"start":{"line":45,"column":0},"end":{"line":45,"column":10}},"45":{"start":{"line":46,"column":0},"end":{"line":46,"column":8}},"46":{"start":{"line":47,"column":0},"end":{"line":47,"column":41}},"47":{"start":{"line":48,"column":0},"end":{"line":48,"column":3}},"48":{"start":{"line":49,"column":0},"end":{"line":49,"column":0}},"49":{"start":{"line":50,"column":0},"end":{"line":50,"column":41}},"50":{"start":{"line":51,"column":0},"end":{"line":51,"column":52}},"51":{"start":{"line":52,"column":0},"end":{"line":52,"column":32}},"52":{"start":{"line":53,"column":0},"end":{"line":53,"column":88}},"53":{"start":{"line":54,"column":0},"end":{"line":54,"column":12}},"54":{"start":{"line":55,"column":0},"end":{"line":55,"column":18}},"55":{"start":{"line":56,"column":0},"end":{"line":56,"column":5}},"56":{"start":{"line":57,"column":0},"end":{"line":57,"column":3}},"57":{"start":{"line":58,"column":0},"end":{"line":58,"column":0}},"58":{"start":{"line":59,"column":0},"end":{"line":59,"column":87}},"59":{"start":{"line":60,"column":0},"end":{"line":60,"column":48}},"60":{"start":{"line":61,"column":0},"end":{"line":61,"column":64}},"61":{"start":{"line":62,"column":0},"end":{"line":62,"column":3}},"62":{"start":{"line":63,"column":0},"end":{"line":63,"column":0}},"63":{"start":{"line":64,"column":0},"end":{"line":64,"column":27}},"64":{"start":{"line":65,"column":0},"end":{"line":65,"column":24}},"65":{"start":{"line":66,"column":0},"end":{"line":66,"column":55}},"66":{"start":{"line":67,"column":0},"end":{"line":67,"column":3}},"67":{"start":{"line":68,"column":0},"end":{"line":68,"column":0}},"68":{"start":{"line":69,"column":0},"end":{"line":69,"column":41}},"69":{"start":{"line":70,"column":0},"end":{"line":70,"column":58}},"70":{"start":{"line":71,"column":0},"end":{"line":71,"column":16}},"71":{"start":{"line":72,"column":0},"end":{"line":72,"column":67}},"72":{"start":{"line":73,"column":0},"end":{"line":73,"column":5}},"73":{"start":{"line":74,"column":0},"end":{"line":74,"column":16}},"74":{"start":{"line":75,"column":0},"end":{"line":75,"column":3}},"75":{"start":{"line":76,"column":0},"end":{"line":76,"column":0}},"76":{"start":{"line":77,"column":0},"end":{"line":77,"column":26}},"77":{"start":{"line":78,"column":0},"end":{"line":78,"column":33}},"78":{"start":{"line":79,"column":0},"end":{"line":79,"column":3}},"79":{"start":{"line":80,"column":0},"end":{"line":80,"column":2}},"80":{"start":{"line":81,"column":0},"end":{"line":81,"column":37}},"81":{"start":{"line":82,"column":0},"end":{"line":82,"column":113}},"82":{"start":{"line":83,"column":0},"end":{"line":83,"column":85}},"83":{"start":{"line":84,"column":0},"end":{"line":84,"column":118}},"84":{"start":{"line":85,"column":0},"end":{"line":85,"column":88}},"85":{"start":{"line":86,"column":0},"end":{"line":86,"column":129}},"86":{"start":{"line":87,"column":0},"end":{"line":87,"column":95}},"87":{"start":{"line":88,"column":0},"end":{"line":88,"column":24}},"88":{"start":{"line":89,"column":0},"end":{"line":89,"column":92}},"89":{"start":{"line":90,"column":0},"end":{"line":90,"column":98}},"90":{"start":{"line":91,"column":0},"end":{"line":91,"column":122}},"91":{"start":{"line":92,"column":0},"end":{"line":92,"column":132}},"92":{"start":{"line":93,"column":0},"end":{"line":93,"column":89}},"93":{"start":{"line":94,"column":0},"end":{"line":94,"column":91}},"94":{"start":{"line":95,"column":0},"end":{"line":95,"column":13}},"95":{"start":{"line":96,"column":0},"end":{"line":96,"column":18}},"96":{"start":{"line":97,"column":0},"end":{"line":97,"column":118}},"97":{"start":{"line":98,"column":0},"end":{"line":98,"column":79}},"98":{"start":{"line":99,"column":0},"end":{"line":99,"column":13}},"99":{"start":{"line":100,"column":0},"end":{"line":100,"column":11}},"100":{"start":{"line":101,"column":0},"end":{"line":101,"column":9}},"101":{"start":{"line":102,"column":0},"end":{"line":102,"column":30}},"102":{"start":{"line":103,"column":0},"end":{"line":103,"column":118}},"103":{"start":{"line":104,"column":0},"end":{"line":104,"column":118}},"104":{"start":{"line":105,"column":0},"end":{"line":105,"column":96}},"105":{"start":{"line":106,"column":0},"end":{"line":106,"column":9}},"106":{"start":{"line":107,"column":0},"end":{"line":107,"column":7}},"107":{"start":{"line":108,"column":0},"end":{"line":108,"column":5}},"108":{"start":{"line":109,"column":0},"end":{"line":109,"column":3}},"109":{"start":{"line":110,"column":0},"end":{"line":110,"column":0}},"110":{"start":{"line":111,"column":0},"end":{"line":111,"column":44}},"111":{"start":{"line":112,"column":0},"end":{"line":112,"column":29}},"112":{"start":{"line":113,"column":0},"end":{"line":113,"column":34}},"113":{"start":{"line":114,"column":0},"end":{"line":114,"column":30}},"114":{"start":{"line":115,"column":0},"end":{"line":115,"column":56}},"115":{"start":{"line":116,"column":0},"end":{"line":116,"column":65}},"116":{"start":{"line":117,"column":0},"end":{"line":117,"column":56}},"117":{"start":{"line":118,"column":0},"end":{"line":118,"column":11}},"118":{"start":{"line":119,"column":0},"end":{"line":119,"column":10}},"119":{"start":{"line":120,"column":0},"end":{"line":120,"column":8}},"120":{"start":{"line":121,"column":0},"end":{"line":121,"column":7}},"121":{"start":{"line":122,"column":0},"end":{"line":122,"column":15}},"122":{"start":{"line":123,"column":0},"end":{"line":123,"column":3}},"123":{"start":{"line":124,"column":0},"end":{"line":124,"column":0}},"124":{"start":{"line":125,"column":0},"end":{"line":125,"column":1}},"125":{"start":{"line":126,"column":0},"end":{"line":126,"column":0}},"126":{"start":{"line":127,"column":0},"end":{"line":127,"column":24}}},"s":{"0":1,"1":1,"2":15,"3":15,"4":15,"5":15,"6":15,"7":15,"8":1,"9":1,"10":1,"11":1,"12":1,"13":1,"14":21,"15":21,"16":21,"17":1,"18":1,"19":21,"20":21,"21":1,"22":1,"23":25,"24":25,"25":4,"26":4,"27":25,"28":25,"29":1,"30":1,"31":8,"32":8,"33":8,"34":8,"35":8,"36":8,"37":8,"38":8,"39":8,"40":8,"41":8,"42":8,"43":8,"44":8,"45":8,"46":8,"47":8,"48":1,"49":1,"50":21,"51":21,"52":8,"53":21,"54":13,"55":13,"56":21,"57":1,"58":1,"59":28,"60":28,"61":28,"62":1,"63":1,"64":17,"65":17,"66":17,"67":1,"68":1,"69":17,"70":17,"71":3,"72":3,"73":17,"74":17,"75":1,"76":1,"77":14,"78":14,"79":1,"80":1,"81":14,"82":14,"83":34,"84":21,"85":21,"86":21,"87":21,"88":21,"89":66,"90":46,"91":46,"92":46,"93":69,"94":69,"95":66,"96":20,"97":2,"98":2,"99":20,"100":66,"101":21,"102":19,"103":21,"104":2,"105":2,"106":21,"107":34,"108":13,"109":1,"110":1,"111":14,"112":14,"113":19,"114":69,"115":11,"116":1,"117":1,"118":11,"119":69,"120":19,"121":14,"122":14,"123":1,"124":1,"125":1,"126":1},"branchMap":{"0":{"type":"branch","line":2,"loc":{"start":{"line":2,"column":10},"end":{"line":8,"column":38}},"locations":[{"start":{"line":2,"column":10},"end":{"line":8,"column":38}}]},"1":{"type":"branch","line":14,"loc":{"start":{"line":14,"column":10},"end":{"line":17,"column":3}},"locations":[{"start":{"line":14,"column":10},"end":{"line":17,"column":3}}]},"2":{"type":"branch","line":19,"loc":{"start":{"line":19,"column":10},"end":{"line":21,"column":3}},"locations":[{"start":{"line":19,"column":10},"end":{"line":21,"column":3}}]},"3":{"type":"branch","line":23,"loc":{"start":{"line":23,"column":10},"end":{"line":29,"column":3}},"locations":[{"start":{"line":23,"column":10},"end":{"line":29,"column":3}}]},"4":{"type":"branch","line":25,"loc":{"start":{"line":25,"column":15},"end":{"line":27,"column":5}},"locations":[{"start":{"line":25,"column":15},"end":{"line":27,"column":5}}]},"5":{"type":"branch","line":31,"loc":{"start":{"line":31,"column":10},"end":{"line":48,"column":3}},"locations":[{"start":{"line":31,"column":10},"end":{"line":48,"column":3}}]},"6":{"type":"branch","line":50,"loc":{"start":{"line":50,"column":10},"end":{"line":57,"column":3}},"locations":[{"start":{"line":50,"column":10},"end":{"line":57,"column":3}}]},"7":{"type":"branch","line":52,"loc":{"start":{"line":52,"column":15},"end":{"line":52,"column":27}},"locations":[{"start":{"line":52,"column":15},"end":{"line":52,"column":27}}]},"8":{"type":"branch","line":52,"loc":{"start":{"line":52,"column":31},"end":{"line":54,"column":11}},"locations":[{"start":{"line":52,"column":31},"end":{"line":54,"column":11}}]},"9":{"type":"branch","line":54,"loc":{"start":{"line":54,"column":5},"end":{"line":56,"column":5}},"locations":[{"start":{"line":54,"column":5},"end":{"line":56,"column":5}}]},"10":{"type":"branch","line":59,"loc":{"start":{"line":59,"column":9},"end":{"line":62,"column":3}},"locations":[{"start":{"line":59,"column":9},"end":{"line":62,"column":3}}]},"11":{"type":"branch","line":61,"loc":{"start":{"line":61,"column":11},"end":{"line":61,"column":44}},"locations":[{"start":{"line":61,"column":11},"end":{"line":61,"column":44}}]},"12":{"type":"branch","line":64,"loc":{"start":{"line":64,"column":9},"end":{"line":67,"column":3}},"locations":[{"start":{"line":64,"column":9},"end":{"line":67,"column":3}}]},"13":{"type":"branch","line":69,"loc":{"start":{"line":69,"column":9},"end":{"line":75,"column":3}},"locations":[{"start":{"line":69,"column":9},"end":{"line":75,"column":3}}]},"14":{"type":"branch","line":71,"loc":{"start":{"line":71,"column":15},"end":{"line":73,"column":5}},"locations":[{"start":{"line":71,"column":15},"end":{"line":73,"column":5}}]},"15":{"type":"branch","line":77,"loc":{"start":{"line":77,"column":9},"end":{"line":79,"column":3}},"locations":[{"start":{"line":77,"column":9},"end":{"line":79,"column":3}}]},"16":{"type":"branch","line":81,"loc":{"start":{"line":81,"column":9},"end":{"line":109,"column":3}},"locations":[{"start":{"line":81,"column":9},"end":{"line":109,"column":3}}]},"17":{"type":"branch","line":83,"loc":{"start":{"line":83,"column":32},"end":{"line":108,"column":5}},"locations":[{"start":{"line":83,"column":32},"end":{"line":108,"column":5}}]},"18":{"type":"branch","line":84,"loc":{"start":{"line":84,"column":42},"end":{"line":107,"column":7}},"locations":[{"start":{"line":84,"column":42},"end":{"line":107,"column":7}}]},"19":{"type":"branch","line":89,"loc":{"start":{"line":89,"column":37},"end":{"line":101,"column":9}},"locations":[{"start":{"line":89,"column":37},"end":{"line":101,"column":9}}]},"20":{"type":"branch","line":90,"loc":{"start":{"line":90,"column":43},"end":{"line":96,"column":17}},"locations":[{"start":{"line":90,"column":43},"end":{"line":96,"column":17}}]},"21":{"type":"branch","line":93,"loc":{"start":{"line":93,"column":45},"end":{"line":95,"column":13}},"locations":[{"start":{"line":93,"column":45},"end":{"line":95,"column":13}}]},"22":{"type":"branch","line":96,"loc":{"start":{"line":96,"column":11},"end":{"line":100,"column":11}},"locations":[{"start":{"line":96,"column":11},"end":{"line":100,"column":11}}]},"23":{"type":"branch","line":97,"loc":{"start":{"line":97,"column":48},"end":{"line":99,"column":13}},"locations":[{"start":{"line":97,"column":48},"end":{"line":99,"column":13}}]},"24":{"type":"branch","line":102,"loc":{"start":{"line":102,"column":29},"end":{"line":104,"column":15}},"locations":[{"start":{"line":102,"column":29},"end":{"line":104,"column":15}}]},"25":{"type":"branch","line":104,"loc":{"start":{"line":104,"column":9},"end":{"line":106,"column":9}},"locations":[{"start":{"line":104,"column":9},"end":{"line":106,"column":9}}]},"26":{"type":"branch","line":109,"loc":{"start":{"line":109,"column":-1},"end":{"line":109,"column":3}},"locations":[{"start":{"line":109,"column":-1},"end":{"line":109,"column":3}}]},"27":{"type":"branch","line":111,"loc":{"start":{"line":111,"column":9},"end":{"line":123,"column":3}},"locations":[{"start":{"line":111,"column":9},"end":{"line":123,"column":3}}]},"28":{"type":"branch","line":113,"loc":{"start":{"line":113,"column":23},"end":{"line":121,"column":7}},"locations":[{"start":{"line":113,"column":23},"end":{"line":121,"column":7}}]},"29":{"type":"branch","line":114,"loc":{"start":{"line":114,"column":21},"end":{"line":120,"column":8}},"locations":[{"start":{"line":114,"column":21},"end":{"line":120,"column":8}}]},"30":{"type":"branch","line":115,"loc":{"start":{"line":115,"column":8},"end":{"line":115,"column":11}},"locations":[{"start":{"line":115,"column":8},"end":{"line":115,"column":11}}]},"31":{"type":"branch","line":115,"loc":{"start":{"line":115,"column":8},"end":{"line":115,"column":11}},"locations":[{"start":{"line":115,"column":8},"end":{"line":115,"column":11}}]},"32":{"type":"branch","line":115,"loc":{"start":{"line":115,"column":8},"end":{"line":119,"column":10}},"locations":[{"start":{"line":115,"column":8},"end":{"line":119,"column":10}}]},"33":{"type":"branch","line":115,"loc":{"start":{"line":115,"column":45},"end":{"line":119,"column":10}},"locations":[{"start":{"line":115,"column":45},"end":{"line":119,"column":10}}]},"34":{"type":"branch","line":116,"loc":{"start":{"line":116,"column":64},"end":{"line":118,"column":11}},"locations":[{"start":{"line":116,"column":64},"end":{"line":118,"column":11}}]}},"b":{"0":[15],"1":[21],"2":[21],"3":[25],"4":[4],"5":[8],"6":[21],"7":[8],"8":[8],"9":[13],"10":[28],"11":[24],"12":[17],"13":[17],"14":[3],"15":[14],"16":[14],"17":[34],"18":[21],"19":[66],"20":[46],"21":[69],"22":[20],"23":[2],"24":[19],"25":[2],"26":[13],"27":[14],"28":[19],"29":[69],"30":[8],"31":[61],"32":[8],"33":[11],"34":[1]},"fnMap":{"0":{"name":"<instance_members_initializer>","decl":{"start":{"line":2,"column":10},"end":{"line":8,"column":38}},"loc":{"start":{"line":2,"column":10},"end":{"line":8,"column":38}},"line":2},"1":{"name":"randIntInRange","decl":{"start":{"line":14,"column":10},"end":{"line":17,"column":3}},"loc":{"start":{"line":14,"column":10},"end":{"line":17,"column":3}},"line":14},"2":{"name":"choose","decl":{"start":{"line":19,"column":10},"end":{"line":21,"column":3}},"loc":{"start":{"line":19,"column":10},"end":{"line":21,"column":3}},"line":19},"3":{"name":"lookup","decl":{"start":{"line":23,"column":10},"end":{"line":29,"column":3}},"loc":{"start":{"line":23,"column":10},"end":{"line":29,"column":3}},"line":23},"4":{"name":"replacer","decl":{"start":{"line":31,"column":10},"end":{"line":48,"column":3}},"loc":{"start":{"line":31,"column":10},"end":{"line":48,"column":3}},"line":31},"5":{"name":"process","decl":{"start":{"line":50,"column":10},"end":{"line":57,"column":3}},"loc":{"start":{"line":50,"column":10},"end":{"line":57,"column":3}},"line":50},"6":{"name":"hasTable","decl":{"start":{"line":59,"column":9},"end":{"line":62,"column":3}},"loc":{"start":{"line":59,"column":9},"end":{"line":62,"column":3}},"line":59},"7":{"name":"get","decl":{"start":{"line":64,"column":9},"end":{"line":67,"column":3}},"loc":{"start":{"line":64,"column":9},"end":{"line":67,"column":3}},"line":64},"8":{"name":"getList","decl":{"start":{"line":69,"column":9},"end":{"line":75,"column":3}},"loc":{"start":{"line":69,"column":9},"end":{"line":75,"column":3}},"line":69},"9":{"name":"getTableNames","decl":{"start":{"line":77,"column":9},"end":{"line":79,"column":3}},"loc":{"start":{"line":77,"column":9},"end":{"line":79,"column":3}},"line":77},"10":{"name":"load","decl":{"start":{"line":81,"column":9},"end":{"line":109,"column":3}},"loc":{"start":{"line":81,"column":9},"end":{"line":109,"column":3}},"line":81},"11":{"name":"auditForMissingTables","decl":{"start":{"line":111,"column":9},"end":{"line":123,"column":3}},"loc":{"start":{"line":111,"column":9},"end":{"line":123,"column":3}},"line":111}},"f":{"0":15,"1":21,"2":21,"3":25,"4":8,"5":21,"6":28,"7":17,"8":17,"9":14,"10":14,"11":14}}
}
