{"/Users/josh/Projects/abulafia-ts/src/abulafia.ts": {"path":"/Users/josh/Projects/abulafia-ts/src/abulafia.ts","all":false,"statementMap":{"0":{"start":{"line":1,"column":0},"end":{"line":1,"column":16}},"1":{"start":{"line":2,"column":0},"end":{"line":2,"column":50}},"2":{"start":{"line":3,"column":0},"end":{"line":3,"column":50}},"3":{"start":{"line":4,"column":0},"end":{"line":4,"column":0}},"4":{"start":{"line":5,"column":0},"end":{"line":5,"column":31}},"5":{"start":{"line":6,"column":0},"end":{"line":6,"column":31}},"6":{"start":{"line":7,"column":0},"end":{"line":7,"column":41}},"7":{"start":{"line":8,"column":0},"end":{"line":8,"column":38}},"8":{"start":{"line":9,"column":0},"end":{"line":9,"column":0}},"9":{"start":{"line":10,"column":0},"end":{"line":10,"column":32}},"10":{"start":{"line":11,"column":0},"end":{"line":11,"column":29}},"11":{"start":{"line":12,"column":0},"end":{"line":12,"column":6}},"12":{"start":{"line":13,"column":0},"end":{"line":13,"column":0}},"13":{"start":{"line":14,"column":0},"end":{"line":14,"column":60}},"14":{"start":{"line":15,"column":0},"end":{"line":15,"column":51}},"15":{"start":{"line":16,"column":0},"end":{"line":16,"column":61}},"16":{"start":{"line":17,"column":0},"end":{"line":17,"column":3}},"17":{"start":{"line":18,"column":0},"end":{"line":18,"column":0}},"18":{"start":{"line":19,"column":0},"end":{"line":19,"column":42}},"19":{"start":{"line":20,"column":0},"end":{"line":20,"column":55}},"20":{"start":{"line":21,"column":0},"end":{"line":21,"column":3}},"21":{"start":{"line":22,"column":0},"end":{"line":22,"column":0}},"22":{"start":{"line":23,"column":0},"end":{"line":23,"column":41}},"23":{"start":{"line":24,"column":0},"end":{"line":24,"column":58}},"24":{"start":{"line":25,"column":0},"end":{"line":25,"column":16}},"25":{"start":{"line":26,"column":0},"end":{"line":26,"column":67}},"26":{"start":{"line":27,"column":0},"end":{"line":27,"column":5}},"27":{"start":{"line":28,"column":0},"end":{"line":28,"column":16}},"28":{"start":{"line":29,"column":0},"end":{"line":29,"column":3}},"29":{"start":{"line":30,"column":0},"end":{"line":30,"column":0}},"30":{"start":{"line":31,"column":0},"end":{"line":31,"column":43}},"31":{"start":{"line":32,"column":0},"end":{"line":32,"column":58}},"32":{"start":{"line":33,"column":0},"end":{"line":33,"column":36}},"33":{"start":{"line":34,"column":0},"end":{"line":34,"column":30}},"34":{"start":{"line":35,"column":0},"end":{"line":35,"column":44}},"35":{"start":{"line":36,"column":0},"end":{"line":36,"column":80}},"36":{"start":{"line":37,"column":0},"end":{"line":37,"column":80}},"37":{"start":{"line":38,"column":0},"end":{"line":38,"column":79}},"38":{"start":{"line":39,"column":0},"end":{"line":39,"column":78}},"39":{"start":{"line":40,"column":0},"end":{"line":40,"column":61}},"40":{"start":{"line":41,"column":0},"end":{"line":41,"column":29}},"41":{"start":{"line":42,"column":0},"end":{"line":42,"column":25}},"42":{"start":{"line":43,"column":0},"end":{"line":43,"column":21}},"43":{"start":{"line":44,"column":0},"end":{"line":44,"column":81}},"44":{"start":{"line":45,"column":0},"end":{"line":45,"column":10}},"45":{"start":{"line":46,"column":0},"end":{"line":46,"column":8}},"46":{"start":{"line":47,"column":0},"end":{"line":47,"column":41}},"47":{"start":{"line":48,"column":0},"end":{"line":48,"column":3}},"48":{"start":{"line":49,"column":0},"end":{"line":49,"column":0}},"49":{"start":{"line":50,"column":0},"end":{"line":50,"column":41}},"50":{"start":{"line":51,"column":0},"end":{"line":51,"column":52}},"51":{"start":{"line":52,"column":0},"end":{"line":52,"column":32}},"52":{"start":{"line":53,"column":0},"end":{"line":53,"column":88}},"53":{"start":{"line":54,"column":0},"end":{"line":54,"column":12}},"54":{"start":{"line":55,"column":0},"end":{"line":55,"column":18}},"55":{"start":{"line":56,"column":0},"end":{"line":56,"column":5}},"56":{"start":{"line":57,"column":0},"end":{"line":57,"column":3}},"57":{"start":{"line":58,"column":0},"end":{"line":58,"column":0}},"58":{"start":{"line":59,"column":0},"end":{"line":59,"column":87}},"59":{"start":{"line":60,"column":0},"end":{"line":60,"column":48}},"60":{"start":{"line":61,"column":0},"end":{"line":61,"column":64}},"61":{"start":{"line":62,"column":0},"end":{"line":62,"column":3}},"62":{"start":{"line":63,"column":0},"end":{"line":63,"column":0}},"63":{"start":{"line":64,"column":0},"end":{"line":64,"column":27}},"64":{"start":{"line":65,"column":0},"end":{"line":65,"column":24}},"65":{"start":{"line":66,"column":0},"end":{"line":66,"column":55}},"66":{"start":{"line":67,"column":0},"end":{"line":67,"column":3}},"67":{"start":{"line":68,"column":0},"end":{"line":68,"column":0}},"68":{"start":{"line":69,"column":0},"end":{"line":69,"column":41}},"69":{"start":{"line":70,"column":0},"end":{"line":70,"column":58}},"70":{"start":{"line":71,"column":0},"end":{"line":71,"column":16}},"71":{"start":{"line":72,"column":0},"end":{"line":72,"column":67}},"72":{"start":{"line":73,"column":0},"end":{"line":73,"column":5}},"73":{"start":{"line":74,"column":0},"end":{"line":74,"column":16}},"74":{"start":{"line":75,"column":0},"end":{"line":75,"column":3}},"75":{"start":{"line":76,"column":0},"end":{"line":76,"column":0}},"76":{"start":{"line":77,"column":0},"end":{"line":77,"column":26}},"77":{"start":{"line":78,"column":0},"end":{"line":78,"column":33}},"78":{"start":{"line":79,"column":0},"end":{"line":79,"column":3}},"79":{"start":{"line":80,"column":0},"end":{"line":80,"column":2}},"80":{"start":{"line":81,"column":0},"end":{"line":81,"column":37}},"81":{"start":{"line":82,"column":0},"end":{"line":82,"column":113}},"82":{"start":{"line":83,"column":0},"end":{"line":83,"column":85}},"83":{"start":{"line":84,"column":0},"end":{"line":84,"column":118}},"84":{"start":{"line":85,"column":0},"end":{"line":85,"column":88}},"85":{"start":{"line":86,"column":0},"end":{"line":86,"column":129}},"86":{"start":{"line":87,"column":0},"end":{"line":87,"column":95}},"87":{"start":{"line":88,"column":0},"end":{"line":88,"column":24}},"88":{"start":{"line":89,"column":0},"end":{"line":89,"column":92}},"89":{"start":{"line":90,"column":0},"end":{"line":90,"column":98}},"90":{"start":{"line":91,"column":0},"end":{"line":91,"column":122}},"91":{"start":{"line":92,"column":0},"end":{"line":92,"column":132}},"92":{"start":{"line":93,"column":0},"end":{"line":93,"column":89}},"93":{"start":{"line":94,"column":0},"end":{"line":94,"column":91}},"94":{"start":{"line":95,"column":0},"end":{"line":95,"column":13}},"95":{"start":{"line":96,"column":0},"end":{"line":96,"column":18}},"96":{"start":{"line":97,"column":0},"end":{"line":97,"column":118}},"97":{"start":{"line":98,"column":0},"end":{"line":98,"column":79}},"98":{"start":{"line":99,"column":0},"end":{"line":99,"column":13}},"99":{"start":{"line":100,"column":0},"end":{"line":100,"column":11}},"100":{"start":{"line":101,"column":0},"end":{"line":101,"column":9}},"101":{"start":{"line":102,"column":0},"end":{"line":102,"column":30}},"102":{"start":{"line":103,"column":0},"end":{"line":103,"column":41}},"103":{"start":{"line":104,"column":0},"end":{"line":104,"column":89}},"104":{"start":{"line":105,"column":0},"end":{"line":105,"column":11}},"105":{"start":{"line":106,"column":0},"end":{"line":106,"column":118}},"106":{"start":{"line":107,"column":0},"end":{"line":107,"column":118}},"107":{"start":{"line":108,"column":0},"end":{"line":108,"column":96}},"108":{"start":{"line":109,"column":0},"end":{"line":109,"column":9}},"109":{"start":{"line":110,"column":0},"end":{"line":110,"column":7}},"110":{"start":{"line":111,"column":0},"end":{"line":111,"column":5}},"111":{"start":{"line":112,"column":0},"end":{"line":112,"column":3}},"112":{"start":{"line":113,"column":0},"end":{"line":113,"column":0}},"113":{"start":{"line":114,"column":0},"end":{"line":114,"column":44}},"114":{"start":{"line":115,"column":0},"end":{"line":115,"column":29}},"115":{"start":{"line":116,"column":0},"end":{"line":116,"column":34}},"116":{"start":{"line":117,"column":0},"end":{"line":117,"column":30}},"117":{"start":{"line":118,"column":0},"end":{"line":118,"column":56}},"118":{"start":{"line":119,"column":0},"end":{"line":119,"column":65}},"119":{"start":{"line":120,"column":0},"end":{"line":120,"column":56}},"120":{"start":{"line":121,"column":0},"end":{"line":121,"column":11}},"121":{"start":{"line":122,"column":0},"end":{"line":122,"column":10}},"122":{"start":{"line":123,"column":0},"end":{"line":123,"column":8}},"123":{"start":{"line":124,"column":0},"end":{"line":124,"column":7}},"124":{"start":{"line":125,"column":0},"end":{"line":125,"column":15}},"125":{"start":{"line":126,"column":0},"end":{"line":126,"column":3}},"126":{"start":{"line":127,"column":0},"end":{"line":127,"column":0}},"127":{"start":{"line":128,"column":0},"end":{"line":128,"column":1}},"128":{"start":{"line":129,"column":0},"end":{"line":129,"column":0}},"129":{"start":{"line":130,"column":0},"end":{"line":130,"column":24}}},"s":{"0":1,"1":1,"2":17,"3":17,"4":17,"5":17,"6":17,"7":17,"8":1,"9":1,"10":1,"11":1,"12":1,"13":1,"14":29,"15":29,"16":29,"17":1,"18":1,"19":29,"20":29,"21":1,"22":1,"23":33,"24":33,"25":4,"26":4,"27":33,"28":33,"29":1,"30":1,"31":13,"32":13,"33":13,"34":13,"35":13,"36":13,"37":13,"38":13,"39":13,"40":13,"41":13,"42":13,"43":13,"44":13,"45":13,"46":13,"47":13,"48":1,"49":1,"50":29,"51":29,"52":13,"53":29,"54":16,"55":16,"56":29,"57":1,"58":1,"59":60,"60":60,"61":60,"62":1,"63":1,"64":20,"65":20,"66":20,"67":1,"68":1,"69":19,"70":19,"71":3,"72":3,"73":16,"74":16,"75":1,"76":1,"77":16,"78":16,"79":1,"80":1,"81":18,"82":18,"83":44,"84":27,"85":27,"86":27,"87":27,"88":27,"89":78,"90":54,"91":54,"92":54,"93":76,"94":76,"95":78,"96":24,"97":2,"98":2,"99":24,"100":78,"101":27,"102":25,"103":1,"104":1,"105":25,"106":27,"107":2,"108":2,"109":27,"110":44,"111":18,"112":1,"113":1,"114":16,"115":16,"116":24,"117":75,"118":13,"119":1,"120":1,"121":13,"122":75,"123":24,"124":16,"125":16,"126":1,"127":1,"128":1,"129":1},"branchMap":{"0":{"type":"branch","line":2,"loc":{"start":{"line":2,"column":10},"end":{"line":8,"column":38}},"locations":[{"start":{"line":2,"column":10},"end":{"line":8,"column":38}}]},"1":{"type":"branch","line":14,"loc":{"start":{"line":14,"column":10},"end":{"line":17,"column":3}},"locations":[{"start":{"line":14,"column":10},"end":{"line":17,"column":3}}]},"2":{"type":"branch","line":19,"loc":{"start":{"line":19,"column":10},"end":{"line":21,"column":3}},"locations":[{"start":{"line":19,"column":10},"end":{"line":21,"column":3}}]},"3":{"type":"branch","line":23,"loc":{"start":{"line":23,"column":10},"end":{"line":29,"column":3}},"locations":[{"start":{"line":23,"column":10},"end":{"line":29,"column":3}}]},"4":{"type":"branch","line":25,"loc":{"start":{"line":25,"column":15},"end":{"line":27,"column":5}},"locations":[{"start":{"line":25,"column":15},"end":{"line":27,"column":5}}]},"5":{"type":"branch","line":31,"loc":{"start":{"line":31,"column":10},"end":{"line":48,"column":3}},"locations":[{"start":{"line":31,"column":10},"end":{"line":48,"column":3}}]},"6":{"type":"branch","line":50,"loc":{"start":{"line":50,"column":10},"end":{"line":57,"column":3}},"locations":[{"start":{"line":50,"column":10},"end":{"line":57,"column":3}}]},"7":{"type":"branch","line":52,"loc":{"start":{"line":52,"column":15},"end":{"line":52,"column":27}},"locations":[{"start":{"line":52,"column":15},"end":{"line":52,"column":27}}]},"8":{"type":"branch","line":52,"loc":{"start":{"line":52,"column":31},"end":{"line":54,"column":11}},"locations":[{"start":{"line":52,"column":31},"end":{"line":54,"column":11}}]},"9":{"type":"branch","line":54,"loc":{"start":{"line":54,"column":5},"end":{"line":56,"column":5}},"locations":[{"start":{"line":54,"column":5},"end":{"line":56,"column":5}}]},"10":{"type":"branch","line":59,"loc":{"start":{"line":59,"column":9},"end":{"line":62,"column":3}},"locations":[{"start":{"line":59,"column":9},"end":{"line":62,"column":3}}]},"11":{"type":"branch","line":61,"loc":{"start":{"line":61,"column":11},"end":{"line":61,"column":44}},"locations":[{"start":{"line":61,"column":11},"end":{"line":61,"column":44}}]},"12":{"type":"branch","line":64,"loc":{"start":{"line":64,"column":9},"end":{"line":67,"column":3}},"locations":[{"start":{"line":64,"column":9},"end":{"line":67,"column":3}}]},"13":{"type":"branch","line":69,"loc":{"start":{"line":69,"column":9},"end":{"line":75,"column":3}},"locations":[{"start":{"line":69,"column":9},"end":{"line":75,"column":3}}]},"14":{"type":"branch","line":71,"loc":{"start":{"line":71,"column":15},"end":{"line":73,"column":5}},"locations":[{"start":{"line":71,"column":15},"end":{"line":73,"column":5}}]},"15":{"type":"branch","line":74,"loc":{"start":{"line":74,"column":-1},"end":{"line":75,"column":3}},"locations":[{"start":{"line":74,"column":-1},"end":{"line":75,"column":3}}]},"16":{"type":"branch","line":77,"loc":{"start":{"line":77,"column":9},"end":{"line":79,"column":3}},"locations":[{"start":{"line":77,"column":9},"end":{"line":79,"column":3}}]},"17":{"type":"branch","line":81,"loc":{"start":{"line":81,"column":9},"end":{"line":112,"column":3}},"locations":[{"start":{"line":81,"column":9},"end":{"line":112,"column":3}}]},"18":{"type":"branch","line":83,"loc":{"start":{"line":83,"column":32},"end":{"line":111,"column":5}},"locations":[{"start":{"line":83,"column":32},"end":{"line":111,"column":5}}]},"19":{"type":"branch","line":84,"loc":{"start":{"line":84,"column":42},"end":{"line":110,"column":7}},"locations":[{"start":{"line":84,"column":42},"end":{"line":110,"column":7}}]},"20":{"type":"branch","line":89,"loc":{"start":{"line":89,"column":37},"end":{"line":101,"column":9}},"locations":[{"start":{"line":89,"column":37},"end":{"line":101,"column":9}}]},"21":{"type":"branch","line":90,"loc":{"start":{"line":90,"column":43},"end":{"line":96,"column":17}},"locations":[{"start":{"line":90,"column":43},"end":{"line":96,"column":17}}]},"22":{"type":"branch","line":93,"loc":{"start":{"line":93,"column":45},"end":{"line":95,"column":13}},"locations":[{"start":{"line":93,"column":45},"end":{"line":95,"column":13}}]},"23":{"type":"branch","line":96,"loc":{"start":{"line":96,"column":11},"end":{"line":100,"column":11}},"locations":[{"start":{"line":96,"column":11},"end":{"line":100,"column":11}}]},"24":{"type":"branch","line":97,"loc":{"start":{"line":97,"column":48},"end":{"line":99,"column":13}},"locations":[{"start":{"line":97,"column":48},"end":{"line":99,"column":13}}]},"25":{"type":"branch","line":102,"loc":{"start":{"line":102,"column":29},"end":{"line":107,"column":15}},"locations":[{"start":{"line":102,"column":29},"end":{"line":107,"column":15}}]},"26":{"type":"branch","line":103,"loc":{"start":{"line":103,"column":40},"end":{"line":105,"column":11}},"locations":[{"start":{"line":103,"column":40},"end":{"line":105,"column":11}}]},"27":{"type":"branch","line":107,"loc":{"start":{"line":107,"column":9},"end":{"line":109,"column":9}},"locations":[{"start":{"line":107,"column":9},"end":{"line":109,"column":9}}]},"28":{"type":"branch","line":114,"loc":{"start":{"line":114,"column":9},"end":{"line":126,"column":3}},"locations":[{"start":{"line":114,"column":9},"end":{"line":126,"column":3}}]},"29":{"type":"branch","line":116,"loc":{"start":{"line":116,"column":23},"end":{"line":124,"column":7}},"locations":[{"start":{"line":116,"column":23},"end":{"line":124,"column":7}}]},"30":{"type":"branch","line":117,"loc":{"start":{"line":117,"column":21},"end":{"line":123,"column":8}},"locations":[{"start":{"line":117,"column":21},"end":{"line":123,"column":8}}]},"31":{"type":"branch","line":118,"loc":{"start":{"line":118,"column":8},"end":{"line":118,"column":11}},"locations":[{"start":{"line":118,"column":8},"end":{"line":118,"column":11}}]},"32":{"type":"branch","line":118,"loc":{"start":{"line":118,"column":8},"end":{"line":118,"column":11}},"locations":[{"start":{"line":118,"column":8},"end":{"line":118,"column":11}}]},"33":{"type":"branch","line":118,"loc":{"start":{"line":118,"column":8},"end":{"line":122,"column":10}},"locations":[{"start":{"line":118,"column":8},"end":{"line":122,"column":10}}]},"34":{"type":"branch","line":118,"loc":{"start":{"line":118,"column":45},"end":{"line":122,"column":10}},"locations":[{"start":{"line":118,"column":45},"end":{"line":122,"column":10}}]},"35":{"type":"branch","line":119,"loc":{"start":{"line":119,"column":64},"end":{"line":121,"column":11}},"locations":[{"start":{"line":119,"column":64},"end":{"line":121,"column":11}}]}},"b":{"0":[17],"1":[29],"2":[29],"3":[33],"4":[4],"5":[13],"6":[29],"7":[13],"8":[13],"9":[16],"10":[60],"11":[32],"12":[20],"13":[19],"14":[3],"15":[16],"16":[16],"17":[18],"18":[44],"19":[27],"20":[78],"21":[54],"22":[76],"23":[24],"24":[2],"25":[25],"26":[1],"27":[2],"28":[16],"29":[24],"30":[75],"31":[10],"32":[65],"33":[10],"34":[13],"35":[1]},"fnMap":{"0":{"name":"<instance_members_initializer>","decl":{"start":{"line":2,"column":10},"end":{"line":8,"column":38}},"loc":{"start":{"line":2,"column":10},"end":{"line":8,"column":38}},"line":2},"1":{"name":"randIntInRange","decl":{"start":{"line":14,"column":10},"end":{"line":17,"column":3}},"loc":{"start":{"line":14,"column":10},"end":{"line":17,"column":3}},"line":14},"2":{"name":"choose","decl":{"start":{"line":19,"column":10},"end":{"line":21,"column":3}},"loc":{"start":{"line":19,"column":10},"end":{"line":21,"column":3}},"line":19},"3":{"name":"lookup","decl":{"start":{"line":23,"column":10},"end":{"line":29,"column":3}},"loc":{"start":{"line":23,"column":10},"end":{"line":29,"column":3}},"line":23},"4":{"name":"replacer","decl":{"start":{"line":31,"column":10},"end":{"line":48,"column":3}},"loc":{"start":{"line":31,"column":10},"end":{"line":48,"column":3}},"line":31},"5":{"name":"process","decl":{"start":{"line":50,"column":10},"end":{"line":57,"column":3}},"loc":{"start":{"line":50,"column":10},"end":{"line":57,"column":3}},"line":50},"6":{"name":"hasTable","decl":{"start":{"line":59,"column":9},"end":{"line":62,"column":3}},"loc":{"start":{"line":59,"column":9},"end":{"line":62,"column":3}},"line":59},"7":{"name":"get","decl":{"start":{"line":64,"column":9},"end":{"line":67,"column":3}},"loc":{"start":{"line":64,"column":9},"end":{"line":67,"column":3}},"line":64},"8":{"name":"getList","decl":{"start":{"line":69,"column":9},"end":{"line":75,"column":3}},"loc":{"start":{"line":69,"column":9},"end":{"line":75,"column":3}},"line":69},"9":{"name":"getTableNames","decl":{"start":{"line":77,"column":9},"end":{"line":79,"column":3}},"loc":{"start":{"line":77,"column":9},"end":{"line":79,"column":3}},"line":77},"10":{"name":"load","decl":{"start":{"line":81,"column":9},"end":{"line":112,"column":3}},"loc":{"start":{"line":81,"column":9},"end":{"line":112,"column":3}},"line":81},"11":{"name":"auditForMissingTables","decl":{"start":{"line":114,"column":9},"end":{"line":126,"column":3}},"loc":{"start":{"line":114,"column":9},"end":{"line":126,"column":3}},"line":114}},"f":{"0":17,"1":29,"2":29,"3":33,"4":13,"5":29,"6":60,"7":20,"8":19,"9":16,"10":18,"11":16}}
}
