TN:
SF:src/abulafia.ts
FN:2,<instance_members_initializer>
FN:14,randIntInRange
FN:19,choose
FN:23,lookup
FN:31,replacer
FN:50,process
FN:59,hasTable
FN:64,get
FN:69,getList
FN:77,getTableNames
FN:81,load
FN:114,auditForMissingTables
FNF:12
FNH:12
FNDA:17,<instance_members_initializer>
FNDA:29,randIntInRange
FNDA:29,choose
FNDA:33,lookup
FNDA:13,replacer
FNDA:29,process
FNDA:60,hasTable
FNDA:20,get
FNDA:19,getList
FNDA:16,getTableNames
FNDA:18,load
FNDA:16,auditForMissingTables
DA:1,1
DA:2,1
DA:3,17
DA:4,17
DA:5,17
DA:6,17
DA:7,17
DA:8,17
DA:9,1
DA:10,1
DA:11,1
DA:12,1
DA:13,1
DA:14,1
DA:15,29
DA:16,29
DA:17,29
DA:18,1
DA:19,1
DA:20,29
DA:21,29
DA:22,1
DA:23,1
DA:24,33
DA:25,33
DA:26,4
DA:27,4
DA:28,33
DA:29,33
DA:30,1
DA:31,1
DA:32,13
DA:33,13
DA:34,13
DA:35,13
DA:36,13
DA:37,13
DA:38,13
DA:39,13
DA:40,13
DA:41,13
DA:42,13
DA:43,13
DA:44,13
DA:45,13
DA:46,13
DA:47,13
DA:48,13
DA:49,1
DA:50,1
DA:51,29
DA:52,29
DA:53,13
DA:54,29
DA:55,16
DA:56,16
DA:57,29
DA:58,1
DA:59,1
DA:60,60
DA:61,60
DA:62,60
DA:63,1
DA:64,1
DA:65,20
DA:66,20
DA:67,20
DA:68,1
DA:69,1
DA:70,19
DA:71,19
DA:72,3
DA:73,3
DA:74,16
DA:75,16
DA:76,1
DA:77,1
DA:78,16
DA:79,16
DA:80,1
DA:81,1
DA:82,18
DA:83,18
DA:84,44
DA:85,27
DA:86,27
DA:87,27
DA:88,27
DA:89,27
DA:90,78
DA:91,54
DA:92,54
DA:93,54
DA:94,76
DA:95,76
DA:96,78
DA:97,24
DA:98,2
DA:99,2
DA:100,24
DA:101,78
DA:102,27
DA:103,25
DA:104,1
DA:105,1
DA:106,25
DA:107,27
DA:108,2
DA:109,2
DA:110,27
DA:111,44
DA:112,18
DA:113,1
DA:114,1
DA:115,16
DA:116,16
DA:117,24
DA:118,75
DA:119,13
DA:120,1
DA:121,1
DA:122,13
DA:123,75
DA:124,24
DA:125,16
DA:126,16
DA:127,1
DA:128,1
DA:129,1
DA:130,1
LF:130
LH:130
BRDA:2,0,0,17
BRDA:14,1,0,29
BRDA:19,2,0,29
BRDA:23,3,0,33
BRDA:25,4,0,4
BRDA:31,5,0,13
BRDA:50,6,0,29
BRDA:52,7,0,13
BRDA:52,8,0,13
BRDA:54,9,0,16
BRDA:59,10,0,60
BRDA:61,11,0,32
BRDA:64,12,0,20
BRDA:69,13,0,19
BRDA:71,14,0,3
BRDA:74,15,0,16
BRDA:77,16,0,16
BRDA:81,17,0,18
BRDA:83,18,0,44
BRDA:84,19,0,27
BRDA:89,20,0,78
BRDA:90,21,0,54
BRDA:93,22,0,76
BRDA:96,23,0,24
BRDA:97,24,0,2
BRDA:102,25,0,25
BRDA:103,26,0,1
BRDA:107,27,0,2
BRDA:114,28,0,16
BRDA:116,29,0,24
BRDA:117,30,0,75
BRDA:118,31,0,10
BRDA:118,32,0,65
BRDA:118,33,0,10
BRDA:118,34,0,13
BRDA:119,35,0,1
BRF:36
BRH:36
end_of_record
