TN:
SF:src/abulafia.ts
FN:2,<instance_members_initializer>
FN:14,randIntInRange
FN:19,choose
FN:23,lookup
FN:31,replacer
FN:50,process
FN:59,hasTable
FN:64,get
FN:69,getList
FN:77,getTableNames
FN:81,load
FN:111,auditForMissingTables
FNF:12
FNH:12
FNDA:15,<instance_members_initializer>
FNDA:21,randIntInRange
FNDA:21,choose
FNDA:25,lookup
FNDA:8,replacer
FNDA:21,process
FNDA:28,hasTable
FNDA:17,get
FNDA:17,getList
FNDA:14,getTableNames
FNDA:14,load
FNDA:14,auditForMissingTables
DA:1,1
DA:2,1
DA:3,15
DA:4,15
DA:5,15
DA:6,15
DA:7,15
DA:8,15
DA:9,1
DA:10,1
DA:11,1
DA:12,1
DA:13,1
DA:14,1
DA:15,21
DA:16,21
DA:17,21
DA:18,1
DA:19,1
DA:20,21
DA:21,21
DA:22,1
DA:23,1
DA:24,25
DA:25,25
DA:26,4
DA:27,4
DA:28,25
DA:29,25
DA:30,1
DA:31,1
DA:32,8
DA:33,8
DA:34,8
DA:35,8
DA:36,8
DA:37,8
DA:38,8
DA:39,8
DA:40,8
DA:41,8
DA:42,8
DA:43,8
DA:44,8
DA:45,8
DA:46,8
DA:47,8
DA:48,8
DA:49,1
DA:50,1
DA:51,21
DA:52,21
DA:53,8
DA:54,21
DA:55,13
DA:56,13
DA:57,21
DA:58,1
DA:59,1
DA:60,28
DA:61,28
DA:62,28
DA:63,1
DA:64,1
DA:65,17
DA:66,17
DA:67,17
DA:68,1
DA:69,1
DA:70,17
DA:71,17
DA:72,3
DA:73,3
DA:74,17
DA:75,17
DA:76,1
DA:77,1
DA:78,14
DA:79,14
DA:80,1
DA:81,1
DA:82,14
DA:83,14
DA:84,34
DA:85,21
DA:86,21
DA:87,21
DA:88,21
DA:89,21
DA:90,66
DA:91,46
DA:92,46
DA:93,46
DA:94,69
DA:95,69
DA:96,66
DA:97,20
DA:98,2
DA:99,2
DA:100,20
DA:101,66
DA:102,21
DA:103,19
DA:104,21
DA:105,2
DA:106,2
DA:107,21
DA:108,34
DA:109,13
DA:110,1
DA:111,1
DA:112,14
DA:113,14
DA:114,19
DA:115,69
DA:116,11
DA:117,1
DA:118,1
DA:119,11
DA:120,69
DA:121,19
DA:122,14
DA:123,14
DA:124,1
DA:125,1
DA:126,1
DA:127,1
LF:127
LH:127
BRDA:2,0,0,15
BRDA:14,1,0,21
BRDA:19,2,0,21
BRDA:23,3,0,25
BRDA:25,4,0,4
BRDA:31,5,0,8
BRDA:50,6,0,21
BRDA:52,7,0,8
BRDA:52,8,0,8
BRDA:54,9,0,13
BRDA:59,10,0,28
BRDA:61,11,0,24
BRDA:64,12,0,17
BRDA:69,13,0,17
BRDA:71,14,0,3
BRDA:77,15,0,14
BRDA:81,16,0,14
BRDA:83,17,0,34
BRDA:84,18,0,21
BRDA:89,19,0,66
BRDA:90,20,0,46
BRDA:93,21,0,69
BRDA:96,22,0,20
BRDA:97,23,0,2
BRDA:102,24,0,19
BRDA:104,25,0,2
BRDA:109,26,0,13
BRDA:111,27,0,14
BRDA:113,28,0,19
BRDA:114,29,0,69
BRDA:115,30,0,8
BRDA:115,31,0,61
BRDA:115,32,0,8
BRDA:115,33,0,11
BRDA:116,34,0,1
BRF:35
BRH:35
end_of_record
